<?xml version="1.0" encoding="UTF-8"?>
<testsuite name="retoChoucair2" tests="1" skipped="0" failures="0" errors="0" timestamp="2021-01-26T04:01:22" hostname="DESKTOP-JFPLL6D" time="71.712">
  <properties/>
  <testcase name="Fill the Register" classname="retoChoucair2" time="71.712"/>
  <system-out><![CDATA[]]></system-out>
  <system-err><![CDATA[[Test worker] WARN net.thucydides.core.steps.BaseStepListener - stepStarted: net.thucydides.core.steps.ExecutedStepDescription@18760a06
[Test worker] WARN net.thucydides.core.steps.BaseStepListener - stepStarted: net.thucydides.core.steps.ExecutedStepDescription@1e6b3ef8
[Test worker] WARN net.thucydides.core.steps.BaseStepListener - stepStarted: net.thucydides.core.steps.ExecutedStepDescription@2e019a
ene 25, 2021 11:01:24 PM org.openqa.selenium.remote.DesiredCapabilities chrome
INFORMACIÓN: Using `new ChromeOptions()` is preferred to `DesiredCapabilities.chrome()`
[Test worker] INFO net.serenitybdd.core.webdriver.driverproviders.ProvideNewDriver - Instantiating driver
[Test worker] INFO net.serenitybdd.core.webdriver.driverproviders.ProvideNewDriver - Driver capabilities: Capabilities {acceptInsecureCerts: false, browserName: chrome, chrome.switches: --start-maximized, goog:chromeOptions: {args: [--start-maximized], extensions: []}, loggingPrefs: org.openqa.selenium.logging..., platform: ANY, version: }
Starting ChromeDriver 88.0.4324.96 (68dba2d8a0b149a1d3afac56fa74648032bcf46b-refs/branch-heads/4324@{#1784}) on port 30619
Only local connections are allowed.
Please see https://chromedriver.chromium.org/security-considerations for suggestions on keeping ChromeDriver safe.
ChromeDriver was started successfully.
ene 25, 2021 11:01:30 PM org.openqa.selenium.remote.ProtocolHandshake createSession
INFORMACIÓN: Detected dialect: W3C
[Test worker] WARN net.thucydides.core.steps.BaseStepListener - stepFinished: current outcome:Fill the Register:Given than daniel Open Utest Page and try to Click Join Button [Daniel open utest [Daniel opens the Utest join page]]
[Test worker] WARN net.thucydides.core.steps.BaseStepListener - stepStarted: net.thucydides.core.steps.ExecutedStepDescription@1f604180
[Test worker] WARN net.thucydides.core.steps.BaseStepListener - stepFinished: current outcome:Fill the Register:Given than daniel Open Utest Page and try to Click Join Button [Daniel open utest [Daniel opens the Utest join page, Daniel clicks on Button to begin the register]]
[Test worker] WARN net.thucydides.core.steps.BaseStepListener - stepFinished: current outcome:Fill the Register:Given than daniel Open Utest Page and try to Click Join Button [Daniel open utest [Daniel opens the Utest join page, Daniel clicks on Button to begin the register]]
[Test worker] WARN net.thucydides.core.steps.BaseStepListener - stepFinished: current outcome:Fill the Register:Given than daniel Open Utest Page and try to Click Join Button [Daniel open utest [Daniel opens the Utest join page, Daniel clicks on Button to begin the register]]
[Test worker] WARN net.thucydides.core.steps.BaseStepListener - stepStarted: net.thucydides.core.steps.ExecutedStepDescription@4e7b8eb9
[Test worker] WARN net.thucydides.core.steps.BaseStepListener - stepStarted: net.thucydides.core.steps.ExecutedStepDescription@31c3a5bc
[Test worker] WARN net.thucydides.core.steps.BaseStepListener - stepStarted: net.thucydides.core.steps.ExecutedStepDescription@5fa8e2f3
[Test worker] WARN net.thucydides.core.steps.BaseStepListener - stepFinished: current outcome:Fill the Register:Given than daniel Open Utest Page and try to Click Join Button [Daniel open utest [Daniel opens the Utest join page, Daniel clicks on Button to begin the register]], When he Fill and complete all register fields
| strName | strLastName | strEmail | strBirthDay | strBirthMonth | strBirthYear | strCity | strPostalCode | strPassword |
| Daniel | Perez | daniel-japones1@hotmail.com | 3 | September | 1991 | Medell | 055420 | 123Daniel987. | [Daniel register [Daniel enters 'Daniel' into Fill the User Name]]
[Test worker] WARN net.thucydides.core.steps.BaseStepListener - stepStarted: net.thucydides.core.steps.ExecutedStepDescription@7fb9e3a7
[Test worker] WARN net.thucydides.core.steps.BaseStepListener - stepFinished: current outcome:Fill the Register:Given than daniel Open Utest Page and try to Click Join Button [Daniel open utest [Daniel opens the Utest join page, Daniel clicks on Button to begin the register]], When he Fill and complete all register fields
| strName | strLastName | strEmail | strBirthDay | strBirthMonth | strBirthYear | strCity | strPostalCode | strPassword |
| Daniel | Perez | daniel-japones1@hotmail.com | 3 | September | 1991 | Medell | 055420 | 123Daniel987. | [Daniel register [Daniel enters 'Daniel' into Fill the User Name, Daniel enters 'Perez' into Fill Last Name]]
[Test worker] WARN net.thucydides.core.steps.BaseStepListener - stepStarted: net.thucydides.core.steps.ExecutedStepDescription@579b2143
[Test worker] WARN net.thucydides.core.steps.BaseStepListener - stepFinished: current outcome:Fill the Register:Given than daniel Open Utest Page and try to Click Join Button [Daniel open utest [Daniel opens the Utest join page, Daniel clicks on Button to begin the register]], When he Fill and complete all register fields
| strName | strLastName | strEmail | strBirthDay | strBirthMonth | strBirthYear | strCity | strPostalCode | strPassword |
| Daniel | Perez | daniel-japones1@hotmail.com | 3 | September | 1991 | Medell | 055420 | 123Daniel987. | [Daniel register [Daniel enters 'Daniel' into Fill the User Name, Daniel enters 'Perez' into Fill Last Name, Daniel enters 'daniel-japones1@hotmail.com' into Fill Email]]
[Test worker] WARN net.thucydides.core.steps.BaseStepListener - stepStarted: net.thucydides.core.steps.ExecutedStepDescription@44661567
[Test worker] WARN net.thucydides.core.steps.BaseStepListener - stepFinished: current outcome:Fill the Register:Given than daniel Open Utest Page and try to Click Join Button [Daniel open utest [Daniel opens the Utest join page, Daniel clicks on Button to begin the register]], When he Fill and complete all register fields
| strName | strLastName | strEmail | strBirthDay | strBirthMonth | strBirthYear | strCity | strPostalCode | strPassword |
| Daniel | Perez | daniel-japones1@hotmail.com | 3 | September | 1991 | Medell | 055420 | 123Daniel987. | [Daniel register [Daniel enters 'Daniel' into Fill the User Name, Daniel enters 'Perez' into Fill Last Name, Daniel enters 'daniel-japones1@hotmail.com' into Fill Email, Daniel select September on select Bitrh Month]]
[Test worker] WARN net.thucydides.core.steps.BaseStepListener - stepStarted: net.thucydides.core.steps.ExecutedStepDescription@2a32f80c
[Test worker] WARN net.thucydides.core.steps.BaseStepListener - stepFinished: current outcome:Fill the Register:Given than daniel Open Utest Page and try to Click Join Button [Daniel open utest [Daniel opens the Utest join page, Daniel clicks on Button to begin the register]], When he Fill and complete all register fields
| strName | strLastName | strEmail | strBirthDay | strBirthMonth | strBirthYear | strCity | strPostalCode | strPassword |
| Daniel | Perez | daniel-japones1@hotmail.com | 3 | September | 1991 | Medell | 055420 | 123Daniel987. | [Daniel register [Daniel enters 'Daniel' into Fill the User Name, Daniel enters 'Perez' into Fill Last Name, Daniel enters 'daniel-japones1@hotmail.com' into Fill Email, Daniel select September on select Bitrh Month, Daniel select 3 on Select Birth Day]]
[Test worker] WARN net.thucydides.core.steps.BaseStepListener - stepStarted: net.thucydides.core.steps.ExecutedStepDescription@5a69181f
[Test worker] WARN net.thucydides.core.steps.BaseStepListener - stepFinished: current outcome:Fill the Register:Given than daniel Open Utest Page and try to Click Join Button [Daniel open utest [Daniel opens the Utest join page, Daniel clicks on Button to begin the register]], When he Fill and complete all register fields
| strName | strLastName | strEmail | strBirthDay | strBirthMonth | strBirthYear | strCity | strPostalCode | strPassword |
| Daniel | Perez | daniel-japones1@hotmail.com | 3 | September | 1991 | Medell | 055420 | 123Daniel987. | [Daniel register [Daniel enters 'Daniel' into Fill the User Name, Daniel enters 'Perez' into Fill Last Name, Daniel enters 'daniel-japones1@hotmail.com' into Fill Email, Daniel select September on select Bitrh Month, Daniel select 3 on Select Birth Day, Daniel select 1991 on Select Bitrh year]]
[Test worker] WARN net.thucydides.core.steps.BaseStepListener - stepStarted: net.thucydides.core.steps.ExecutedStepDescription@1728dfb3
[Test worker] WARN net.thucydides.core.steps.BaseStepListener - stepFinished: current outcome:Fill the Register:Given than daniel Open Utest Page and try to Click Join Button [Daniel open utest [Daniel opens the Utest join page, Daniel clicks on Button to begin the register]], When he Fill and complete all register fields
| strName | strLastName | strEmail | strBirthDay | strBirthMonth | strBirthYear | strCity | strPostalCode | strPassword |
| Daniel | Perez | daniel-japones1@hotmail.com | 3 | September | 1991 | Medell | 055420 | 123Daniel987. | [Daniel register [Daniel enters 'Daniel' into Fill the User Name, Daniel enters 'Perez' into Fill Last Name, Daniel enters 'daniel-japones1@hotmail.com' into Fill Email, Daniel select September on select Bitrh Month, Daniel select 3 on Select Birth Day, Daniel select 1991 on Select Bitrh year, Daniel clicks on Located next Step: Location]]
[Test worker] WARN net.thucydides.core.steps.BaseStepListener - stepStarted: net.thucydides.core.steps.ExecutedStepDescription@4082c6e8
[Test worker] WARN net.thucydides.core.steps.BaseStepListener - stepFinished: current outcome:Fill the Register:Given than daniel Open Utest Page and try to Click Join Button [Daniel open utest [Daniel opens the Utest join page, Daniel clicks on Button to begin the register]], When he Fill and complete all register fields
| strName | strLastName | strEmail | strBirthDay | strBirthMonth | strBirthYear | strCity | strPostalCode | strPassword |
| Daniel | Perez | daniel-japones1@hotmail.com | 3 | September | 1991 | Medell | 055420 | 123Daniel987. | [Daniel register [Daniel enters 'Daniel' into Fill the User Name, Daniel enters 'Perez' into Fill Last Name, Daniel enters 'daniel-japones1@hotmail.com' into Fill Email, Daniel select September on select Bitrh Month, Daniel select 3 on Select Birth Day, Daniel select 1991 on Select Bitrh year, Daniel clicks on Located next Step: Location, Daniel enters 'Medell' into Fill City field]]
[Test worker] WARN net.thucydides.core.steps.BaseStepListener - stepStarted: net.thucydides.core.steps.ExecutedStepDescription@774c607a
[Test worker] WARN net.thucydides.core.steps.BaseStepListener - stepFinished: current outcome:Fill the Register:Given than daniel Open Utest Page and try to Click Join Button [Daniel open utest [Daniel opens the Utest join page, Daniel clicks on Button to begin the register]], When he Fill and complete all register fields
| strName | strLastName | strEmail | strBirthDay | strBirthMonth | strBirthYear | strCity | strPostalCode | strPassword |
| Daniel | Perez | daniel-japones1@hotmail.com | 3 | September | 1991 | Medell | 055420 | 123Daniel987. | [Daniel register [Daniel enters 'Daniel' into Fill the User Name, Daniel enters 'Perez' into Fill Last Name, Daniel enters 'daniel-japones1@hotmail.com' into Fill Email, Daniel select September on select Bitrh Month, Daniel select 3 on Select Birth Day, Daniel select 1991 on Select Bitrh year, Daniel clicks on Located next Step: Location, Daniel enters 'Medell' into Fill City field, Daniel enters ARROW_DOWN into Fill City field]]
[Test worker] WARN net.thucydides.core.steps.BaseStepListener - stepStarted: net.thucydides.core.steps.ExecutedStepDescription@1ba96c29
[Test worker] WARN net.thucydides.core.steps.BaseStepListener - stepFinished: current outcome:Fill the Register:Given than daniel Open Utest Page and try to Click Join Button [Daniel open utest [Daniel opens the Utest join page, Daniel clicks on Button to begin the register]], When he Fill and complete all register fields
| strName | strLastName | strEmail | strBirthDay | strBirthMonth | strBirthYear | strCity | strPostalCode | strPassword |
| Daniel | Perez | daniel-japones1@hotmail.com | 3 | September | 1991 | Medell | 055420 | 123Daniel987. | [Daniel register [Daniel enters 'Daniel' into Fill the User Name, Daniel enters 'Perez' into Fill Last Name, Daniel enters 'daniel-japones1@hotmail.com' into Fill Email, Daniel select September on select Bitrh Month, Daniel select 3 on Select Birth Day, Daniel select 1991 on Select Bitrh year, Daniel clicks on Located next Step: Location, Daniel enters 'Medell' into Fill City field, Daniel enters ARROW_DOWN into Fill City field, Daniel enters '055420' into Fill PostalCode]]
[Test worker] WARN net.thucydides.core.steps.BaseStepListener - stepStarted: net.thucydides.core.steps.ExecutedStepDescription@2a0d1b7a
[Test worker] WARN net.thucydides.core.steps.BaseStepListener - stepFinished: current outcome:Fill the Register:Given than daniel Open Utest Page and try to Click Join Button [Daniel open utest [Daniel opens the Utest join page, Daniel clicks on Button to begin the register]], When he Fill and complete all register fields
| strName | strLastName | strEmail | strBirthDay | strBirthMonth | strBirthYear | strCity | strPostalCode | strPassword |
| Daniel | Perez | daniel-japones1@hotmail.com | 3 | September | 1991 | Medell | 055420 | 123Daniel987. | [Daniel register [Daniel enters 'Daniel' into Fill the User Name, Daniel enters 'Perez' into Fill Last Name, Daniel enters 'daniel-japones1@hotmail.com' into Fill Email, Daniel select September on select Bitrh Month, Daniel select 3 on Select Birth Day, Daniel select 1991 on Select Bitrh year, Daniel clicks on Located next Step: Location, Daniel enters 'Medell' into Fill City field, Daniel enters ARROW_DOWN into Fill City field, Daniel enters '055420' into Fill PostalCode, Daniel clicks on Located next Step: Devices]]
[Test worker] WARN net.thucydides.core.steps.BaseStepListener - stepStarted: net.thucydides.core.steps.ExecutedStepDescription@189fe151
[Test worker] WARN net.thucydides.core.steps.BaseStepListener - stepFinished: current outcome:Fill the Register:Given than daniel Open Utest Page and try to Click Join Button [Daniel open utest [Daniel opens the Utest join page, Daniel clicks on Button to begin the register]], When he Fill and complete all register fields
| strName | strLastName | strEmail | strBirthDay | strBirthMonth | strBirthYear | strCity | strPostalCode | strPassword |
| Daniel | Perez | daniel-japones1@hotmail.com | 3 | September | 1991 | Medell | 055420 | 123Daniel987. | [Daniel register [Daniel enters 'Daniel' into Fill the User Name, Daniel enters 'Perez' into Fill Last Name, Daniel enters 'daniel-japones1@hotmail.com' into Fill Email, Daniel select September on select Bitrh Month, Daniel select 3 on Select Birth Day, Daniel select 1991 on Select Bitrh year, Daniel clicks on Located next Step: Location, Daniel enters 'Medell' into Fill City field, Daniel enters ARROW_DOWN into Fill City field, Daniel enters '055420' into Fill PostalCode, Daniel clicks on Located next Step: Devices, Daniel clicks on Located next Step: Location]]
[Test worker] WARN net.thucydides.core.steps.BaseStepListener - stepStarted: net.thucydides.core.steps.ExecutedStepDescription@15f7499b
[Test worker] WARN net.thucydides.core.steps.BaseStepListener - stepFinished: current outcome:Fill the Register:Given than daniel Open Utest Page and try to Click Join Button [Daniel open utest [Daniel opens the Utest join page, Daniel clicks on Button to begin the register]], When he Fill and complete all register fields
| strName | strLastName | strEmail | strBirthDay | strBirthMonth | strBirthYear | strCity | strPostalCode | strPassword |
| Daniel | Perez | daniel-japones1@hotmail.com | 3 | September | 1991 | Medell | 055420 | 123Daniel987. | [Daniel register [Daniel enters 'Daniel' into Fill the User Name, Daniel enters 'Perez' into Fill Last Name, Daniel enters 'daniel-japones1@hotmail.com' into Fill Email, Daniel select September on select Bitrh Month, Daniel select 3 on Select Birth Day, Daniel select 1991 on Select Bitrh year, Daniel clicks on Located next Step: Location, Daniel enters 'Medell' into Fill City field, Daniel enters ARROW_DOWN into Fill City field, Daniel enters '055420' into Fill PostalCode, Daniel clicks on Located next Step: Devices, Daniel clicks on Located next Step: Location, Daniel enters '123Daniel987.' into Fill the password field]]
[Test worker] WARN net.thucydides.core.steps.BaseStepListener - stepStarted: net.thucydides.core.steps.ExecutedStepDescription@2305163a
[Test worker] WARN net.thucydides.core.steps.BaseStepListener - stepFinished: current outcome:Fill the Register:Given than daniel Open Utest Page and try to Click Join Button [Daniel open utest [Daniel opens the Utest join page, Daniel clicks on Button to begin the register]], When he Fill and complete all register fields
| strName | strLastName | strEmail | strBirthDay | strBirthMonth | strBirthYear | strCity | strPostalCode | strPassword |
| Daniel | Perez | daniel-japones1@hotmail.com | 3 | September | 1991 | Medell | 055420 | 123Daniel987. | [Daniel register [Daniel enters 'Daniel' into Fill the User Name, Daniel enters 'Perez' into Fill Last Name, Daniel enters 'daniel-japones1@hotmail.com' into Fill Email, Daniel select September on select Bitrh Month, Daniel select 3 on Select Birth Day, Daniel select 1991 on Select Bitrh year, Daniel clicks on Located next Step: Location, Daniel enters 'Medell' into Fill City field, Daniel enters ARROW_DOWN into Fill City field, Daniel enters '055420' into Fill PostalCode, Daniel clicks on Located next Step: Devices, Daniel clicks on Located next Step: Location, Daniel enters '123Daniel987.' into Fill the password field, Daniel enters '123Daniel987.' into Confirm Password]]
[Test worker] WARN net.thucydides.core.steps.BaseStepListener - stepStarted: net.thucydides.core.steps.ExecutedStepDescription@3127c7fc
[Test worker] WARN net.thucydides.core.steps.BaseStepListener - stepFinished: current outcome:Fill the Register:Given than daniel Open Utest Page and try to Click Join Button [Daniel open utest [Daniel opens the Utest join page, Daniel clicks on Button to begin the register]], When he Fill and complete all register fields
| strName | strLastName | strEmail | strBirthDay | strBirthMonth | strBirthYear | strCity | strPostalCode | strPassword |
| Daniel | Perez | daniel-japones1@hotmail.com | 3 | September | 1991 | Medell | 055420 | 123Daniel987. | [Daniel register [Daniel enters 'Daniel' into Fill the User Name, Daniel enters 'Perez' into Fill Last Name, Daniel enters 'daniel-japones1@hotmail.com' into Fill Email, Daniel select September on select Bitrh Month, Daniel select 3 on Select Birth Day, Daniel select 1991 on Select Bitrh year, Daniel clicks on Located next Step: Location, Daniel enters 'Medell' into Fill City field, Daniel enters ARROW_DOWN into Fill City field, Daniel enters '055420' into Fill PostalCode, Daniel clicks on Located next Step: Devices, Daniel clicks on Located next Step: Location, Daniel enters '123Daniel987.' into Fill the password field, Daniel enters '123Daniel987.' into Confirm Password, Daniel clicks on Checkbox T&C]]
[Test worker] WARN net.thucydides.core.steps.BaseStepListener - stepStarted: net.thucydides.core.steps.ExecutedStepDescription@18846ade
[Test worker] WARN net.thucydides.core.steps.BaseStepListener - stepFinished: current outcome:Fill the Register:Given than daniel Open Utest Page and try to Click Join Button [Daniel open utest [Daniel opens the Utest join page, Daniel clicks on Button to begin the register]], When he Fill and complete all register fields
| strName | strLastName | strEmail | strBirthDay | strBirthMonth | strBirthYear | strCity | strPostalCode | strPassword |
| Daniel | Perez | daniel-japones1@hotmail.com | 3 | September | 1991 | Medell | 055420 | 123Daniel987. | [Daniel register [Daniel enters 'Daniel' into Fill the User Name, Daniel enters 'Perez' into Fill Last Name, Daniel enters 'daniel-japones1@hotmail.com' into Fill Email, Daniel select September on select Bitrh Month, Daniel select 3 on Select Birth Day, Daniel select 1991 on Select Bitrh year, Daniel clicks on Located next Step: Location, Daniel enters 'Medell' into Fill City field, Daniel enters ARROW_DOWN into Fill City field, Daniel enters '055420' into Fill PostalCode, Daniel clicks on Located next Step: Devices, Daniel clicks on Located next Step: Location, Daniel enters '123Daniel987.' into Fill the password field, Daniel enters '123Daniel987.' into Confirm Password, Daniel clicks on Checkbox T&C, Daniel clicks on Checkbox Privacy Policy]]
[Test worker] WARN net.thucydides.core.steps.BaseStepListener - stepFinished: current outcome:Fill the Register:Given than daniel Open Utest Page and try to Click Join Button [Daniel open utest [Daniel opens the Utest join page, Daniel clicks on Button to begin the register]], When he Fill and complete all register fields
| strName | strLastName | strEmail | strBirthDay | strBirthMonth | strBirthYear | strCity | strPostalCode | strPassword |
| Daniel | Perez | daniel-japones1@hotmail.com | 3 | September | 1991 | Medell | 055420 | 123Daniel987. | [Daniel register [Daniel enters 'Daniel' into Fill the User Name, Daniel enters 'Perez' into Fill Last Name, Daniel enters 'daniel-japones1@hotmail.com' into Fill Email, Daniel select September on select Bitrh Month, Daniel select 3 on Select Birth Day, Daniel select 1991 on Select Bitrh year, Daniel clicks on Located next Step: Location, Daniel enters 'Medell' into Fill City field, Daniel enters ARROW_DOWN into Fill City field, Daniel enters '055420' into Fill PostalCode, Daniel clicks on Located next Step: Devices, Daniel clicks on Located next Step: Location, Daniel enters '123Daniel987.' into Fill the password field, Daniel enters '123Daniel987.' into Confirm Password, Daniel clicks on Checkbox T&C, Daniel clicks on Checkbox Privacy Policy]]
[Test worker] WARN net.thucydides.core.steps.BaseStepListener - stepFinished: current outcome:Fill the Register:Given than daniel Open Utest Page and try to Click Join Button [Daniel open utest [Daniel opens the Utest join page, Daniel clicks on Button to begin the register]], When he Fill and complete all register fields
| strName | strLastName | strEmail | strBirthDay | strBirthMonth | strBirthYear | strCity | strPostalCode | strPassword |
| Daniel | Perez | daniel-japones1@hotmail.com | 3 | September | 1991 | Medell | 055420 | 123Daniel987. | [Daniel register [Daniel enters 'Daniel' into Fill the User Name, Daniel enters 'Perez' into Fill Last Name, Daniel enters 'daniel-japones1@hotmail.com' into Fill Email, Daniel select September on select Bitrh Month, Daniel select 3 on Select Birth Day, Daniel select 1991 on Select Bitrh year, Daniel clicks on Located next Step: Location, Daniel enters 'Medell' into Fill City field, Daniel enters ARROW_DOWN into Fill City field, Daniel enters '055420' into Fill PostalCode, Daniel clicks on Located next Step: Devices, Daniel clicks on Located next Step: Location, Daniel enters '123Daniel987.' into Fill the password field, Daniel enters '123Daniel987.' into Confirm Password, Daniel clicks on Checkbox T&C, Daniel clicks on Checkbox Privacy Policy]]
[Test worker] WARN net.thucydides.core.steps.BaseStepListener - stepStarted: net.thucydides.core.steps.ExecutedStepDescription@27543d05
[Test worker] WARN net.thucydides.core.steps.BaseStepListener - stepStarted: net.thucydides.core.steps.ExecutedStepDescription@5533746c
[Test worker] WARN net.thucydides.core.steps.BaseStepListener - stepFinished: current outcome:Fill the Register:Given than daniel Open Utest Page and try to Click Join Button [Daniel open utest [Daniel opens the Utest join page, Daniel clicks on Button to begin the register]], When he Fill and complete all register fields
| strName | strLastName | strEmail | strBirthDay | strBirthMonth | strBirthYear | strCity | strPostalCode | strPassword |
| Daniel | Perez | daniel-japones1@hotmail.com | 3 | September | 1991 | Medell | 055420 | 123Daniel987. | [Daniel register [Daniel enters 'Daniel' into Fill the User Name, Daniel enters 'Perez' into Fill Last Name, Daniel enters 'daniel-japones1@hotmail.com' into Fill Email, Daniel select September on select Bitrh Month, Daniel select 3 on Select Birth Day, Daniel select 1991 on Select Bitrh year, Daniel clicks on Located next Step: Location, Daniel enters 'Medell' into Fill City field, Daniel enters ARROW_DOWN into Fill City field, Daniel enters '055420' into Fill PostalCode, Daniel clicks on Located next Step: Devices, Daniel clicks on Located next Step: Location, Daniel enters '123Daniel987.' into Fill the password field, Daniel enters '123Daniel987.' into Confirm Password, Daniel clicks on Checkbox T&C, Daniel clicks on Checkbox Privacy Policy]], Then he finds button complete Register [Then answer]
[Test worker] WARN net.thucydides.core.steps.BaseStepListener - stepFinished: current outcome:Fill the Register:Given than daniel Open Utest Page and try to Click Join Button [Daniel open utest [Daniel opens the Utest join page, Daniel clicks on Button to begin the register]], When he Fill and complete all register fields
| strName | strLastName | strEmail | strBirthDay | strBirthMonth | strBirthYear | strCity | strPostalCode | strPassword |
| Daniel | Perez | daniel-japones1@hotmail.com | 3 | September | 1991 | Medell | 055420 | 123Daniel987. | [Daniel register [Daniel enters 'Daniel' into Fill the User Name, Daniel enters 'Perez' into Fill Last Name, Daniel enters 'daniel-japones1@hotmail.com' into Fill Email, Daniel select September on select Bitrh Month, Daniel select 3 on Select Birth Day, Daniel select 1991 on Select Bitrh year, Daniel clicks on Located next Step: Location, Daniel enters 'Medell' into Fill City field, Daniel enters ARROW_DOWN into Fill City field, Daniel enters '055420' into Fill PostalCode, Daniel clicks on Located next Step: Devices, Daniel clicks on Located next Step: Location, Daniel enters '123Daniel987.' into Fill the password field, Daniel enters '123Daniel987.' into Confirm Password, Daniel clicks on Checkbox T&C, Daniel clicks on Checkbox Privacy Policy]], Then he finds button complete Register [Then answer]
[Test worker] WARN net.thucydides.core.steps.BaseStepListener - testFinished: Fill the Register:Given than daniel Open Utest Page and try to Click Join Button [Daniel open utest [Daniel opens the Utest join page, Daniel clicks on Button to begin the register]], When he Fill and complete all register fields
| strName | strLastName | strEmail | strBirthDay | strBirthMonth | strBirthYear | strCity | strPostalCode | strPassword |
| Daniel | Perez | daniel-japones1@hotmail.com | 3 | September | 1991 | Medell | 055420 | 123Daniel987. | [Daniel register [Daniel enters 'Daniel' into Fill the User Name, Daniel enters 'Perez' into Fill Last Name, Daniel enters 'daniel-japones1@hotmail.com' into Fill Email, Daniel select September on select Bitrh Month, Daniel select 3 on Select Birth Day, Daniel select 1991 on Select Bitrh year, Daniel clicks on Located next Step: Location, Daniel enters 'Medell' into Fill City field, Daniel enters ARROW_DOWN into Fill City field, Daniel enters '055420' into Fill PostalCode, Daniel clicks on Located next Step: Devices, Daniel clicks on Located next Step: Location, Daniel enters '123Daniel987.' into Fill the password field, Daniel enters '123Daniel987.' into Confirm Password, Daniel clicks on Checkbox T&C, Daniel clicks on Checkbox Privacy Policy]], Then he finds button complete Register [Then answer]
[Test worker] WARN net.thucydides.core.steps.BaseStepListener - TestOutcomes: [Fill the Register:Given than daniel Open Utest Page and try to Click Join Button [Daniel open utest [Daniel opens the Utest join page, Daniel clicks on Button to begin the register]], When he Fill and complete all register fields
| strName | strLastName | strEmail | strBirthDay | strBirthMonth | strBirthYear | strCity | strPostalCode | strPassword |
| Daniel | Perez | daniel-japones1@hotmail.com | 3 | September | 1991 | Medell | 055420 | 123Daniel987. | [Daniel register [Daniel enters 'Daniel' into Fill the User Name, Daniel enters 'Perez' into Fill Last Name, Daniel enters 'daniel-japones1@hotmail.com' into Fill Email, Daniel select September on select Bitrh Month, Daniel select 3 on Select Birth Day, Daniel select 1991 on Select Bitrh year, Daniel clicks on Located next Step: Location, Daniel enters 'Medell' into Fill City field, Daniel enters ARROW_DOWN into Fill City field, Daniel enters '055420' into Fill PostalCode, Daniel clicks on Located next Step: Devices, Daniel clicks on Located next Step: Location, Daniel enters '123Daniel987.' into Fill the password field, Daniel enters '123Daniel987.' into Confirm Password, Daniel clicks on Checkbox T&C, Daniel clicks on Checkbox Privacy Policy]], Then he finds button complete Register [Then answer]]
[Test worker] WARN net.thucydides.core.steps.BaseStepListener - Final testOutcomes: [Fill the Register:Given than daniel Open Utest Page and try to Click Join Button [Daniel open utest [Daniel opens the Utest join page, Daniel clicks on Button to begin the register]], When he Fill and complete all register fields
| strName | strLastName | strEmail | strBirthDay | strBirthMonth | strBirthYear | strCity | strPostalCode | strPassword |
| Daniel | Perez | daniel-japones1@hotmail.com | 3 | September | 1991 | Medell | 055420 | 123Daniel987. | [Daniel register [Daniel enters 'Daniel' into Fill the User Name, Daniel enters 'Perez' into Fill Last Name, Daniel enters 'daniel-japones1@hotmail.com' into Fill Email, Daniel select September on select Bitrh Month, Daniel select 3 on Select Birth Day, Daniel select 1991 on Select Bitrh year, Daniel clicks on Located next Step: Location, Daniel enters 'Medell' into Fill City field, Daniel enters ARROW_DOWN into Fill City field, Daniel enters '055420' into Fill PostalCode, Daniel clicks on Located next Step: Devices, Daniel clicks on Located next Step: Location, Daniel enters '123Daniel987.' into Fill the password field, Daniel enters '123Daniel987.' into Confirm Password, Daniel clicks on Checkbox T&C, Daniel clicks on Checkbox Privacy Policy]], Then he finds button complete Register [Then answer]]
[Test worker] INFO net.thucydides.core.steps.ConsoleLoggingListener - 
        __    _____ _____ ____ _____   ____   _    ____  ____  _____ ____  
  _     \ \  |_   _| ____/ ___|_   _| |  _ \ / \  / ___|/ ___|| ____|  _ \ 
 (_)_____| |   | | |  _| \___ \ | |   | |_) / _ \ \___ \\___ \|  _| | | | |
  _|_____| |   | | | |___ ___) || |   |  __/ ___ \ ___) |___) | |___| |_| |
 (_)     | |   |_| |_____|____/ |_|   |_| /_/   \_\____/|____/|_____|____/ 
        /_/                                                                

TEST PASSED: Fill the Register
----------------------------------------------------------------------------
]]></system-err>
</testsuite>
